\BOOKMARK [1][-]{section.1}{Introduction}{}% 1
\BOOKMARK [2][-]{subsection.1.1}{Background}{section.1}% 2
\BOOKMARK [2][-]{subsection.1.2}{Our\040work}{section.1}% 3
\BOOKMARK [1][-]{section.2}{Assumptions\040and\040Notation\040}{}% 4
\BOOKMARK [1][-]{section.3}{Task1:\040Predicting\040the\040spread\040of\040the\040pest}{}% 5
\BOOKMARK [2][-]{subsection.3.1}{Qualitative\040analysis}{section.3}% 6
\BOOKMARK [2][-]{subsection.3.2}{Scoring\040Probability\040Model\040\(SPM\)}{section.3}% 7
\BOOKMARK [1][-]{section.4}{Task2&3:\040Intelligent\040report\040classification\040model}{}% 8
\BOOKMARK [2][-]{subsection.4.1}{Insight\040from\040the\040analysis\040of\040provided\040data}{section.4}% 9
\BOOKMARK [2][-]{subsection.4.2}{Weighing\040the\040validness\040of\040Image}{section.4}% 10
\BOOKMARK [3][-]{subsubsection.4.2.1}{Similarity\040matching\040applying\040CNN}{subsection.4.2}% 11
\BOOKMARK [3][-]{subsubsection.4.2.2}{Object\040extraction\040algorithm\040using\040YOLOv3}{subsection.4.2}% 12
\BOOKMARK [3][-]{subsubsection.4.2.3}{Score\040from\040image}{subsection.4.2}% 13
\BOOKMARK [2][-]{subsection.4.3}{Weighing\040the\040validness\040of\040Text}{section.4}% 14
\BOOKMARK [3][-]{subsubsection.4.3.1}{Characteristic\040words\040analysis}{subsection.4.3}% 15
\BOOKMARK [3][-]{subsubsection.4.3.2}{Similarity\040matching}{subsection.4.3}% 16
\BOOKMARK [3][-]{subsubsection.4.3.3}{Sentimental\040analysis}{subsection.4.3}% 17
\BOOKMARK [3][-]{subsubsection.4.3.4}{Score\040from\040text}{subsection.4.3}% 18
\BOOKMARK [2][-]{subsection.4.4}{Score\040from\040location\040and\040time\040difference}{section.4}% 19
\BOOKMARK [2][-]{subsection.4.5}{Evaluation\040with\040AHP}{section.4}% 20
\BOOKMARK [1][-]{section.5}{Model\040Application}{}% 21
\BOOKMARK [2][-]{subsection.5.1}{Task2:\040Likelihood\040of\040the\040mistaken\040classification}{section.5}% 22
\BOOKMARK [2][-]{subsection.5.2}{Task3:\040Prioritizing\040submitted\040reports}{section.5}% 23
\BOOKMARK [2][-]{subsection.5.3}{Overall\040evaluation\040of\040the\040model}{section.5}% 24
\BOOKMARK [1][-]{section.6}{Task4:\040Update\040of\040the\040model}{}% 25
\BOOKMARK [2][-]{subsection.6.1}{Method\040of\040the\040update}{section.6}% 26
\BOOKMARK [2][-]{subsection.6.2}{Frequency\040of\040the\040update}{section.6}% 27
\BOOKMARK [3][-]{subsubsection.6.2.1}{Difference\040Equation\040Model\040\(DEM\)}{subsection.6.2}% 28
\BOOKMARK [3][-]{subsubsection.6.2.2}{Application\040of\040the\040DEM}{subsection.6.2}% 29
\BOOKMARK [3][-]{subsubsection.6.2.3}{The\040influence\040of\040the\040submission\040frequency\040and\040decision\040of\040update\040frequency}{subsection.6.2}% 30
\BOOKMARK [1][-]{section.7}{Task5:\040Indication\040of\040the\040eradication}{}% 31
\BOOKMARK [1][-]{section.8}{Sensitivity\040Analysis}{}% 32
\BOOKMARK [1][-]{section.9}{Strength\040and\040Weakness}{}% 33
\BOOKMARK [2][-]{subsection.9.1}{Strength}{section.9}% 34
\BOOKMARK [2][-]{subsection.9.2}{Weakness}{section.9}% 35
\BOOKMARK [1][-]{section.10}{Conclusion}{}% 36
\BOOKMARK [1][-]{section.11}{Memorandum}{}% 37
